<?xml version="1.0" encoding="UTF-8"?>
<testng-results ignored="0" total="2" passed="2" failed="0" skipped="0">
  <reporter-output>
  </reporter-output>
  <suite started-at="2024-10-20T07:07:27Z" name="Suite" finished-at="2024-10-20T07:07:41Z" duration-ms="13460">
    <groups>
    </groups>
    <test started-at="2024-10-20T07:07:27Z" name="Test" finished-at="2024-10-20T07:07:41Z" duration-ms="13460">
      <class name="section18.OnlineShoppingApplication">
        <test-method signature="addProductToCart()[pri:0, instance:section18.OnlineShoppingApplication@5ddeb7cb]" started-at="2024-10-20T07:07:27Z" name="addProductToCart" finished-at="2024-10-20T07:07:31Z" duration-ms="3776" status="PASS">
          <reporter-output>
          </reporter-output>
        </test-method> <!-- addProductToCart -->
      </class> <!-- section18.OnlineShoppingApplication -->
      <class name="section18.OnlineShoppingApplication2">
        <test-method signature="orderProduct()[pri:0, instance:section18.OnlineShoppingApplication2@70ed52de]" started-at="2024-10-20T07:07:31Z" name="orderProduct" finished-at="2024-10-20T07:07:41Z" duration-ms="9665" status="PASS">
          <reporter-output>
          </reporter-output>
        </test-method> <!-- orderProduct -->
      </class> <!-- section18.OnlineShoppingApplication2 -->
    </test> <!-- Test -->
  </suite> <!-- Suite -->
</testng-results>
