<?xml version="1.0" encoding="UTF-8"?>
<testng-results ignored="0" total="1" passed="1" failed="0" skipped="0">
  <reporter-output>
  </reporter-output>
  <suite started-at="2024-10-19T16:53:18Z" name="Suite" finished-at="2024-10-19T16:53:23Z" duration-ms="4765">
    <groups>
    </groups>
    <test started-at="2024-10-19T16:53:18Z" name="Test" finished-at="2024-10-19T16:53:23Z" duration-ms="4765">
      <class name="section18.OnlineShoppingApplication">
        <test-method signature="addProductToCart()[pri:0, instance:section18.OnlineShoppingApplication@183ec003]" started-at="2024-10-19T16:53:18Z" name="addProductToCart" finished-at="2024-10-19T16:53:23Z" duration-ms="4748" status="PASS">
          <reporter-output>
          </reporter-output>
        </test-method> <!-- addProductToCart -->
      </class> <!-- section18.OnlineShoppingApplication -->
    </test> <!-- Test -->
  </suite> <!-- Suite -->
</testng-results>
